<?xml version="1.0" encoding="UTF-8"?>
<!-- Generated by org.testng.reporters.JUnitXMLReporter -->
<testsuite ignored="0" hostname="LAPTOP-8A58L90K" failures="0" tests="1" name="Test-Runner-Firefox" time="65.745" errors="0" timestamp="2023-10-13T20:05:26 IST">
  <testcase classname="contactsTest.createContactTest" name="createContactTest" time="35.752"/>
</testsuite> <!-- Test-Runner-Firefox -->
