<?xml version="1.0" encoding="UTF-8"?>
<!-- Generated by org.testng.reporters.JUnitXMLReporter -->
<testsuite ignored="0" hostname="LAPTOP-8A58L90K" failures="0" tests="1" name="Test-Runner-Edge" time="61.225" errors="0" timestamp="2023-10-13T20:05:22 IST">
  <testcase classname="contactsTest.createContactTest" name="createContactTest" time="32.856"/>
</testsuite> <!-- Test-Runner-Edge -->
