<?xml version="1.0" encoding="UTF-8"?>
<!-- Generated by org.testng.reporters.JUnitReportReporter -->
<testsuite hostname="LAPTOP-8A58L90K" failures="0" tests="1" name="organizationTests.createOrganizationWithTypeandIndustryTest" time="35.149" errors="0" timestamp="2023-10-10T21:01:28 IST" skipped="0">
  <testcase classname="organizationTests.createOrganizationWithTypeandIndustryTest" name="createOrgWithIndAndTypeTest" time="35.149"/>
</testsuite> <!-- organizationTests.createOrganizationWithTypeandIndustryTest -->
