<?xml version="1.0" encoding="UTF-8"?>
<!-- Generated by org.testng.reporters.JUnitReportReporter -->
<testsuite hostname="LAPTOP-8A58L90K" failures="0" tests="1" name="organizationTests.createOrganizationTest" time="19.388" errors="0" timestamp="2023-10-31T20:48:02 IST" skipped="0">
  <testcase classname="organizationTests.createOrganizationTest" name="createOrgTest" time="19.388"/>
</testsuite> <!-- organizationTests.createOrganizationTest -->
