<?xml version="1.0" encoding="UTF-8"?>
<!-- Generated by org.testng.reporters.JUnitReportReporter -->
<testsuite hostname="LAPTOP-8A58L90K" failures="0" tests="1" name="Practice.AssertionPractice" time="0.024" errors="0" timestamp="2023-10-09T20:51:30 IST" skipped="0">
  <testcase classname="Practice.AssertionPractice" name="practice" time="0.024"/>
</testsuite> <!-- Practice.AssertionPractice -->
