<?xml version="1.0" encoding="UTF-8"?>
<!-- Generated by org.testng.reporters.JUnitReportReporter -->
<testsuite hostname="LAPTOP-8A58L90K" failures="0" tests="1" name="contactsTest.createcontactwithOrgnizationTest" time="36.124" errors="0" timestamp="2023-10-26T15:17:03 IST" skipped="0">
  <testcase classname="contactsTest.createcontactwithOrgnizationTest" name="createContactWithOrgTest" time="36.124"/>
</testsuite> <!-- contactsTest.createcontactwithOrgnizationTest -->
