<?xml version="1.0" encoding="UTF-8"?>
<!-- Generated by org.testng.reporters.JUnitReportReporter -->
<testsuite hostname="LAPTOP-8A58L90K" failures="0" tests="1" name="organizationTests.createOrganizationTest" time="28.317" errors="0" timestamp="2023-10-26T14:52:58 IST" skipped="0">
  <testcase classname="organizationTests.createOrganizationTest" name="createOrgTest" time="28.317"/>
</testsuite> <!-- organizationTests.createOrganizationTest -->
