<?xml version="1.0" encoding="UTF-8"?>
<!-- Generated by org.testng.reporters.JUnitReportReporter -->
<testsuite hostname="LAPTOP-8A58L90K" failures="0" tests="3" name="Practice.dataProviderPractice" time="0.030" errors="0" timestamp="2023-10-05T20:24:29 IST" skipped="0">
  <testcase classname="Practice.dataProviderPractice" name="addProductToCart" time="0.002"/>
  <testcase classname="Practice.dataProviderPractice" name="addProductToCart" time="0.026"/>
  <testcase classname="Practice.dataProviderPractice" name="addProductToCart" time="0.002"/>
</testsuite> <!-- Practice.dataProviderPractice -->
