<?xml version="1.0" encoding="UTF-8"?>
<!-- Generated by org.testng.reporters.JUnitReportReporter -->
<testsuite hostname="LAPTOP-8A58L90K" failures="0" tests="1" name="Practice.ReadDataFromCmdLine" time="0.013" errors="0" timestamp="2023-10-26T15:00:39 IST" skipped="0">
  <testcase classname="Practice.ReadDataFromCmdLine" name="read" time="0.013"/>
</testsuite> <!-- Practice.ReadDataFromCmdLine -->
