<?xml version="1.0" encoding="UTF-8"?>
<!-- Generated by org.testng.reporters.JUnitReportReporter -->
<testsuite hostname="LAPTOP-8A58L90K" failures="0" tests="1" name="organizationTests.createOrganizationWithIndustryTest" time="25.126" errors="0" timestamp="2023-10-09T20:12:28 IST" skipped="0">
  <testcase classname="organizationTests.createOrganizationWithIndustryTest" name="createOrgWithIndTest" time="25.126"/>
</testsuite> <!-- organizationTests.createOrganizationWithIndustryTest -->
